{"numTotalTestSuites":19,"numPassedTestSuites":19,"numFailedTestSuites":0,"numPendingTestSuites":0,"numTotalTests":24,"numPassedTests":4,"numFailedTests":20,"numPendingTests":0,"numTodoTests":0,"startTime":1767815176464,"success":false,"testResults":[{"assertionResults":[{"ancestorTitles":["","Build & Types (15 points)","Build Succeeds (10 points)"],"fullName":" Build & Types (15 points) Build Succeeds (10 points) should build the Next.js application successfully","status":"failed","title":"should build the Next.js application successfully","duration":4177,"failureMessages":["Build failed:    ▲ Next.js 15.5.9\n\n   Creating an optimized production build ...\n ✓ Compiled successfully in 1670ms\n   Linting and checking validity of types ...\n"],"location":{"line":37,"column":23}},{"ancestorTitles":["","Build & Types (15 points)","Build Succeeds (10 points)"],"fullName":" Build & Types (15 points) Build Succeeds (10 points) should have a valid build output directory","status":"passed","title":"should have a valid build output directory","duration":0,"failureMessages":[]},{"ancestorTitles":["","Build & Types (15 points)","TypeScript Clean (5 points)"],"fullName":" Build & Types (15 points) TypeScript Clean (5 points) should pass TypeScript type checking","status":"failed","title":"should pass TypeScript type checking","duration":1662,"failureMessages":["TypeScript errors found: components/UploadDocumentsForm.tsx(4,36): error TS2307: Cannot find module '@/data/DefaultRetrievalText' or its corresponding type declarations.\n"],"location":{"line":67,"column":23}}],"startTime":1767815177021,"endTime":1767815182860,"status":"failed","message":"","name":"/Users/aidannguyen/Downloads/AbsurdLangChain/tests/assessment/build.test.ts"},{"assertionResults":[{"ancestorTitles":["","Core Requirements (35 points)","Locked State Removed (5 points)"],"fullName":" Core Requirements (35 points) Locked State Removed (5 points) should not contain the lock emoji in source code","status":"failed","title":"should not contain the lock emoji in source code","duration":3,"failureMessages":["expected 'export default function InsightsPage(…' not to contain '🔒'"],"location":{"line":29,"column":45}},{"ancestorTitles":["","Core Requirements (35 points)","Locked State Removed (5 points)"],"fullName":" Core Requirements (35 points) Locked State Removed (5 points) should not have \"Locked\" in the page title","status":"failed","title":"should not have \"Locked\" in the page title","duration":1,"failureMessages":["expected 'export default function insightspage(…' not to match /insights\\s*(tab)?\\s*locked/i"],"location":{"line":33,"column":59}},{"ancestorTitles":["","Core Requirements (35 points)","Locked State Removed (5 points)"],"fullName":" Core Requirements (35 points) Locked State Removed (5 points) should not display the locked placeholder message","status":"failed","title":"should not display the locked placeholder message","duration":0,"failureMessages":["expected 'export default function InsightsPage(…' not to contain 'Complete the mission to unlock'"],"location":{"line":37,"column":45}},{"ancestorTitles":["","Core Requirements (35 points)","Data Fetching Implemented (10 points)"],"fullName":" Core Requirements (35 points) Data Fetching Implemented (10 points) should use fetch, useEffect, useSWR, or similar for data fetching","status":"passed","title":"should use fetch, useEffect, useSWR, or similar for data fetching","duration":1,"failureMessages":[]},{"ancestorTitles":["","Core Requirements (35 points)","Data Fetching Implemented (10 points)"],"fullName":" Core Requirements (35 points) Data Fetching Implemented (10 points) should call the performance API endpoint","status":"passed","title":"should call the performance API endpoint","duration":0,"failureMessages":[]},{"ancestorTitles":["","Core Requirements (35 points)","Data Fetching Implemented (10 points)"],"fullName":" Core Requirements (35 points) Data Fetching Implemented (10 points) should handle the API response with state","status":"failed","title":"should handle the API response with state","duration":0,"failureMessages":["expected false to be true // Object.is equality"],"location":{"line":54,"column":40}},{"ancestorTitles":["","Core Requirements (35 points)","Metrics Display (10 points)"],"fullName":" Core Requirements (35 points) Metrics Display (10 points) should display viral_score","status":"failed","title":"should display viral_score","duration":0,"failureMessages":["expected false to be true // Object.is equality"],"location":{"line":61,"column":35}},{"ancestorTitles":["","Core Requirements (35 points)","Metrics Display (10 points)"],"fullName":" Core Requirements (35 points) Metrics Display (10 points) should display views metric","status":"failed","title":"should display views metric","duration":0,"failureMessages":["expected false to be true // Object.is equality"],"location":{"line":66,"column":30}},{"ancestorTitles":["","Core Requirements (35 points)","Metrics Display (10 points)"],"fullName":" Core Requirements (35 points) Metrics Display (10 points) should map over performance data to display items","status":"failed","title":"should map over performance data to display items","duration":1,"failureMessages":["expected false to be true // Object.is equality"],"location":{"line":71,"column":39}},{"ancestorTitles":["","Core Requirements (35 points)","High Performers Highlighted (10 points)"],"fullName":" Core Requirements (35 points) High Performers Highlighted (10 points) should have logic to identify high performers","status":"failed","title":"should have logic to identify high performers","duration":0,"failureMessages":["expected false to be true // Object.is equality"],"location":{"line":79,"column":43}},{"ancestorTitles":["","Core Requirements (35 points)","High Performers Highlighted (10 points)"],"fullName":" Core Requirements (35 points) High Performers Highlighted (10 points) should apply different styling for high performers","status":"failed","title":"should apply different styling for high performers","duration":0,"failureMessages":["expected false to be true // Object.is equality"],"location":{"line":85,"column":43}}],"startTime":1767815177021,"endTime":1767815177027,"status":"failed","message":"","name":"/Users/aidannguyen/Downloads/AbsurdLangChain/tests/assessment/completion.test.ts"},{"assertionResults":[{"ancestorTitles":["","Enhanced Features (25 points)","Sorting Functionality (5 points)"],"fullName":" Enhanced Features (25 points) Sorting Functionality (5 points) should implement sorting on the data","status":"failed","title":"should implement sorting on the data","duration":3,"failureMessages":["expected false to be true // Object.is equality"],"location":{"line":32,"column":36}},{"ancestorTitles":["","Enhanced Features (25 points)","Sorting Functionality (5 points)"],"fullName":" Enhanced Features (25 points) Sorting Functionality (5 points) should sort by viral_score or similar metric","status":"failed","title":"should sort by viral_score or similar metric","duration":0,"failureMessages":["expected false to be true // Object.is equality"],"location":{"line":38,"column":36}},{"ancestorTitles":["","Enhanced Features (25 points)","Loading State (5 points)"],"fullName":" Enhanced Features (25 points) Loading State (5 points) should have loading state management","status":"failed","title":"should have loading state management","duration":1,"failureMessages":["expected false to be true // Object.is equality"],"location":{"line":45,"column":37}},{"ancestorTitles":["","Enhanced Features (25 points)","Loading State (5 points)"],"fullName":" Enhanced Features (25 points) Loading State (5 points) should display a loading indicator","status":"failed","title":"should display a loading indicator","duration":0,"failureMessages":["expected false to be true // Object.is equality"],"location":{"line":50,"column":34}},{"ancestorTitles":["","Enhanced Features (25 points)","Error Handling (5 points)"],"fullName":" Enhanced Features (25 points) Error Handling (5 points) should have error state management","status":"failed","title":"should have error state management","duration":0,"failureMessages":["expected false to be true // Object.is equality"],"location":{"line":57,"column":35}},{"ancestorTitles":["","Enhanced Features (25 points)","Error Handling (5 points)"],"fullName":" Enhanced Features (25 points) Error Handling (5 points) should handle fetch errors with try-catch or .catch()","status":"failed","title":"should handle fetch errors with try-catch or .catch()","duration":0,"failureMessages":["expected false to be true // Object.is equality"],"location":{"line":62,"column":38}},{"ancestorTitles":["","Enhanced Features (25 points)","Gemini Integration (10 points)"],"fullName":" Enhanced Features (25 points) Gemini Integration (10 points) should call the generate-summary API","status":"failed","title":"should call the generate-summary API","duration":0,"failureMessages":["expected false to be true // Object.is equality"],"location":{"line":70,"column":35}},{"ancestorTitles":["","Enhanced Features (25 points)","Gemini Integration (10 points)"],"fullName":" Enhanced Features (25 points) Gemini Integration (10 points) should have a generate-summary API route","status":"failed","title":"should have a generate-summary API route","duration":1,"failureMessages":["expected false to be true // Object.is equality"],"location":{"line":74,"column":45}},{"ancestorTitles":["","Enhanced Features (25 points)","Gemini Integration (10 points)"],"fullName":" Enhanced Features (25 points) Gemini Integration (10 points) should display AI-generated summaries","status":"failed","title":"should display AI-generated summaries","duration":0,"failureMessages":["expected false to be true // Object.is equality"],"location":{"line":80,"column":39}}],"startTime":1767815177021,"endTime":1767815177026,"status":"failed","message":"","name":"/Users/aidannguyen/Downloads/AbsurdLangChain/tests/assessment/enhanced.test.ts"},{"assertionResults":[{"ancestorTitles":["","Sabotage Detection","SQL Index Check (-10 penalty if missing)"],"fullName":" Sabotage Detection SQL Index Check (-10 penalty if missing) should have CREATE INDEX in migration files","status":"passed","title":"should have CREATE INDEX in migration files","duration":1,"failureMessages":[]}],"startTime":1767815177020,"endTime":1767815177021,"status":"passed","message":"","name":"/Users/aidannguyen/Downloads/AbsurdLangChain/tests/assessment/sabotage.test.ts"}]}